v:\workspace_c_visual\spaceinvaders_ptktpm\debug\showobjectwithtype.obj
v:\workspace_c_visual\spaceinvaders_ptktpm\debug\shield.obj
v:\workspace_c_visual\spaceinvaders_ptktpm\debug\score.obj
v:\workspace_c_visual\spaceinvaders_ptktpm\debug\projectile.obj
v:\workspace_c_visual\spaceinvaders_ptktpm\debug\playerred.obj
v:\workspace_c_visual\spaceinvaders_ptktpm\debug\player.obj
v:\workspace_c_visual\spaceinvaders_ptktpm\debug\pausestate.obj
v:\workspace_c_visual\spaceinvaders_ptktpm\debug\network.obj
v:\workspace_c_visual\spaceinvaders_ptktpm\debug\mainmenustate.obj
v:\workspace_c_visual\spaceinvaders_ptktpm\debug\main.obj
v:\workspace_c_visual\spaceinvaders_ptktpm\debug\invadermanager.obj
v:\workspace_c_visual\spaceinvaders_ptktpm\debug\invader.obj
v:\workspace_c_visual\spaceinvaders_ptktpm\debug\inputmanager.obj
v:\workspace_c_visual\spaceinvaders_ptktpm\debug\includeplayerninvader.obj
v:\workspace_c_visual\spaceinvaders_ptktpm\debug\gamestatelan.obj
v:\workspace_c_visual\spaceinvaders_ptktpm\debug\gamestate.obj
v:\workspace_c_visual\spaceinvaders_ptktpm\debug\game.obj
v:\workspace_c_visual\spaceinvaders_ptktpm\debug\enemy.obj
v:\workspace_c_visual\spaceinvaders_ptktpm\debug\detonationeffect.obj
v:\workspace_c_visual\spaceinvaders_ptktpm\debug\assetmanager.obj
v:\workspace_c_visual\spaceinvaders_ptktpm\debug\ufo.obj
v:\workspace_c_visual\spaceinvaders_ptktpm\debug\texture.obj
v:\workspace_c_visual\spaceinvaders_ptktpm\debug\statemachine.obj
v:\workspace_c_visual\spaceinvaders_ptktpm\debug\starrybackground.obj
v:\workspace_c_visual\spaceinvaders_ptktpm\debug\splashstate.obj
v:\workspace_c_visual\spaceinvaders_ptktpm\debug\soundfx.obj
v:\workspace_c_visual\spaceinvaders_ptktpm\debug\spaceinvaders_ptktpm.exe
v:\workspace_c_visual\spaceinvaders_ptktpm\debug\spaceinvaders_ptktpm.ilk
v:\workspace_c_visual\spaceinvaders_ptktpm\debug\spaceinvaders_ptktpm.pdb
v:\workspace_c_visual\spaceinvaders_ptktpm\debug\spaceinv.87a82492.tlog\cl.command.1.tlog
v:\workspace_c_visual\spaceinvaders_ptktpm\debug\spaceinv.87a82492.tlog\cl.read.1.tlog
v:\workspace_c_visual\spaceinvaders_ptktpm\debug\spaceinv.87a82492.tlog\cl.write.1.tlog
v:\workspace_c_visual\spaceinvaders_ptktpm\debug\spaceinv.87a82492.tlog\link.command.1.tlog
v:\workspace_c_visual\spaceinvaders_ptktpm\debug\spaceinv.87a82492.tlog\link.read.1.tlog
v:\workspace_c_visual\spaceinvaders_ptktpm\debug\spaceinv.87a82492.tlog\link.write.1.tlog
